[2021-05-14T00:21:24.401] [DEBUG] default - truncate db
[2021-05-14T00:21:30.882] [DEBUG] default - Add
[2021-05-14T00:21:40.883] [DEBUG] default - Add
[2021-05-14T00:21:44.410] [DEBUG] default - create entity
[2021-05-14T00:21:44.411] [DEBUG] default - create entity
[2021-05-14T00:21:44.412] [DEBUG] default - create entity
[2021-05-14T00:21:44.413] [DEBUG] default - create entity
[2021-05-14T00:21:44.413] [DEBUG] default - create entity
[2021-05-14T00:21:44.414] [DEBUG] default - create entity
[2021-05-14T00:21:44.414] [DEBUG] default - create entity
[2021-05-14T00:21:44.415] [DEBUG] default - create entity
[2021-05-14T00:21:44.415] [DEBUG] default - create entity
[2021-05-14T00:21:44.415] [DEBUG] default - create entity
[2021-05-14T00:21:50.884] [DEBUG] default - Add
[2021-05-14T00:22:00.890] [DEBUG] default - Add
[2021-05-14T00:22:04.417] [DEBUG] default - truncate db
[2021-05-14T00:22:10.900] [DEBUG] default - Add
[2021-05-14T00:22:20.901] [DEBUG] default - Add
[2021-05-14T00:22:24.419] [DEBUG] default - create entity
[2021-05-14T00:22:24.420] [DEBUG] default - create entity
[2021-05-14T00:22:24.421] [DEBUG] default - create entity
[2021-05-14T00:22:24.422] [DEBUG] default - create entity
[2021-05-14T00:22:24.423] [DEBUG] default - create entity
[2021-05-14T00:22:24.424] [DEBUG] default - create entity
[2021-05-14T00:22:24.424] [DEBUG] default - create entity
[2021-05-14T00:22:24.424] [DEBUG] default - create entity
[2021-05-14T00:22:24.425] [DEBUG] default - create entity
[2021-05-14T00:22:24.425] [DEBUG] default - create entity
[2021-05-14T00:22:30.904] [DEBUG] default - Add
[2021-05-14T00:22:40.936] [DEBUG] default - Add
[2021-05-14T00:22:44.427] [DEBUG] default - truncate db
[2021-05-14T00:22:50.943] [DEBUG] default - Add
[2021-05-14T00:23:00.933] [DEBUG] default - Add
[2021-05-14T00:23:04.433] [DEBUG] default - create entity
[2021-05-14T00:23:04.434] [DEBUG] default - create entity
[2021-05-14T00:23:04.435] [DEBUG] default - create entity
[2021-05-14T00:23:04.436] [DEBUG] default - create entity
[2021-05-14T00:23:04.437] [DEBUG] default - create entity
[2021-05-14T00:23:04.437] [DEBUG] default - create entity
[2021-05-14T00:23:04.438] [DEBUG] default - create entity
[2021-05-14T00:23:04.438] [DEBUG] default - create entity
[2021-05-14T00:23:04.438] [DEBUG] default - create entity
[2021-05-14T00:23:04.439] [DEBUG] default - create entity
[2021-05-14T00:23:10.944] [DEBUG] default - Add
[2021-05-14T00:23:20.953] [DEBUG] default - Add
[2021-05-14T00:23:24.493] [DEBUG] default - truncate db
[2021-05-14T00:23:30.977] [DEBUG] default - Add
[2021-05-14T00:23:40.961] [DEBUG] default - Add
[2021-05-14T00:23:44.440] [DEBUG] default - create entity
[2021-05-14T00:23:44.440] [DEBUG] default - create entity
[2021-05-14T00:23:44.441] [DEBUG] default - create entity
[2021-05-14T00:23:44.441] [DEBUG] default - create entity
[2021-05-14T00:23:44.441] [DEBUG] default - create entity
[2021-05-14T00:23:44.441] [DEBUG] default - create entity
[2021-05-14T00:23:44.442] [DEBUG] default - create entity
[2021-05-14T00:23:44.442] [DEBUG] default - create entity
[2021-05-14T00:23:44.442] [DEBUG] default - create entity
[2021-05-14T00:23:44.442] [DEBUG] default - create entity
[2021-05-14T00:23:50.993] [DEBUG] default - Add
[2021-05-14T00:24:00.999] [DEBUG] default - Add
[2021-05-14T00:24:04.452] [DEBUG] default - truncate db
[2021-05-14T00:24:11.016] [DEBUG] default - Add
[2021-05-14T00:24:20.998] [DEBUG] default - Add
[2021-05-14T00:24:24.456] [DEBUG] default - create entity
[2021-05-14T00:24:24.457] [DEBUG] default - create entity
[2021-05-14T00:24:24.457] [DEBUG] default - create entity
[2021-05-14T00:24:24.458] [DEBUG] default - create entity
[2021-05-14T00:24:24.459] [DEBUG] default - create entity
[2021-05-14T00:24:24.459] [DEBUG] default - create entity
[2021-05-14T00:24:24.460] [DEBUG] default - create entity
[2021-05-14T00:24:24.460] [DEBUG] default - create entity
[2021-05-14T00:24:24.461] [DEBUG] default - create entity
[2021-05-14T00:24:24.461] [DEBUG] default - create entity
[2021-05-14T00:24:31.011] [DEBUG] default - Add
[2021-05-14T00:24:41.023] [DEBUG] default - Add
[2021-05-14T00:24:44.467] [DEBUG] default - truncate db
[2021-05-14T00:24:51.035] [DEBUG] default - Add
[2021-05-14T00:25:01.039] [DEBUG] default - Add
[2021-05-14T00:25:04.472] [DEBUG] default - create entity
[2021-05-14T00:25:04.473] [DEBUG] default - create entity
[2021-05-14T00:25:04.482] [DEBUG] default - create entity
[2021-05-14T00:25:04.483] [DEBUG] default - create entity
[2021-05-14T00:25:04.484] [DEBUG] default - create entity
[2021-05-14T00:25:04.484] [DEBUG] default - create entity
[2021-05-14T00:25:04.485] [DEBUG] default - create entity
[2021-05-14T00:25:04.485] [DEBUG] default - create entity
[2021-05-14T00:25:04.486] [DEBUG] default - create entity
[2021-05-14T00:25:04.486] [DEBUG] default - create entity
[2021-05-14T00:25:11.076] [DEBUG] default - Add
[2021-05-14T00:25:21.048] [DEBUG] default - Add
[2021-05-14T00:25:24.485] [DEBUG] default - truncate db
[2021-05-14T00:25:31.049] [DEBUG] default - Add
[2021-05-14T00:25:41.053] [DEBUG] default - Add
[2021-05-14T00:25:44.479] [DEBUG] default - create entity
[2021-05-14T00:25:44.479] [DEBUG] default - create entity
[2021-05-14T00:25:44.479] [DEBUG] default - create entity
[2021-05-14T00:25:44.479] [DEBUG] default - create entity
[2021-05-14T00:25:44.480] [DEBUG] default - create entity
[2021-05-14T00:25:44.480] [DEBUG] default - create entity
[2021-05-14T00:25:44.480] [DEBUG] default - create entity
[2021-05-14T00:25:44.480] [DEBUG] default - create entity
[2021-05-14T00:25:44.480] [DEBUG] default - create entity
[2021-05-14T00:25:44.480] [DEBUG] default - create entity
[2021-05-14T00:25:51.062] [DEBUG] default - Add
[2021-05-14T00:26:01.073] [DEBUG] default - Add
[2021-05-14T00:26:03.246] [DEBUG] default - restore from central data base
[2021-05-14T00:26:04.489] [DEBUG] default - create entity
[2021-05-14T00:26:04.490] [DEBUG] default - create entity
[2021-05-14T00:26:04.490] [DEBUG] default - create entity
[2021-05-14T00:26:04.490] [DEBUG] default - create entity
[2021-05-14T00:26:04.491] [DEBUG] default - create entity
[2021-05-14T00:26:04.491] [DEBUG] default - create entity
[2021-05-14T00:26:04.491] [DEBUG] default - create entity
[2021-05-14T00:26:04.491] [DEBUG] default - create entity
[2021-05-14T00:26:04.491] [DEBUG] default - create entity
[2021-05-14T00:26:04.492] [DEBUG] default - create entity
[2021-05-14T00:26:11.073] [DEBUG] default - Add
[2021-05-14T00:26:21.089] [DEBUG] default - Add
[2021-05-14T00:26:24.504] [DEBUG] default - truncate db
[2021-05-14T00:26:27.493] [DEBUG] default - restore from central data base
[2021-05-14T00:26:27.538] [DEBUG] default - restore [object Object]
[2021-05-14T00:26:27.554] [DEBUG] default - restore [object Object]
[2021-05-14T00:26:27.572] [DEBUG] default - restore [object Object]
[2021-05-14T00:26:27.584] [DEBUG] default - restore [object Object]
[2021-05-14T00:26:31.106] [DEBUG] default - Add
[2021-05-14T00:26:41.099] [DEBUG] default - Add
[2021-05-14T00:26:44.509] [DEBUG] default - create entity
[2021-05-14T00:26:44.510] [DEBUG] default - create entity
[2021-05-14T00:26:44.511] [DEBUG] default - create entity
[2021-05-14T00:26:44.511] [DEBUG] default - create entity
[2021-05-14T00:26:44.511] [DEBUG] default - create entity
[2021-05-14T00:26:44.512] [DEBUG] default - create entity
[2021-05-14T00:26:51.118] [DEBUG] default - Add
[2021-05-14T00:27:01.144] [DEBUG] default - Add
[2021-05-14T00:27:04.519] [DEBUG] default - create entity
[2021-05-14T00:27:11.143] [DEBUG] default - Add
[2021-05-14T00:27:21.144] [DEBUG] default - Add
[2021-05-14T00:27:24.525] [DEBUG] default - create entity
[2021-05-14T00:27:31.156] [DEBUG] default - Add
[2021-05-14T00:27:41.181] [DEBUG] default - Add
[2021-05-14T00:27:44.529] [DEBUG] default - create entity
[2021-05-14T00:27:51.187] [DEBUG] default - Add
[2021-05-14T00:28:01.188] [DEBUG] default - Add
[2021-05-14T00:28:04.539] [DEBUG] default - create entity
[2021-05-14T00:28:11.195] [DEBUG] default - Add
[2021-05-14T00:28:21.211] [DEBUG] default - Add
[2021-05-14T00:28:24.544] [DEBUG] default - create entity
[2021-05-14T00:28:31.208] [DEBUG] default - Add
[2021-05-14T00:28:41.210] [DEBUG] default - Add
[2021-05-14T00:28:44.552] [DEBUG] default - create entity
[2021-05-14T00:28:51.222] [DEBUG] default - Add
[2021-05-14T00:29:01.220] [DEBUG] default - Add
[2021-05-14T00:29:04.559] [DEBUG] default - create entity
[2021-05-14T00:29:11.246] [DEBUG] default - Add
[2021-05-14T00:29:58.714] [DEBUG] default - create entity
[2021-05-14T00:29:58.736] [DEBUG] default - create entity
[2021-05-14T00:29:58.738] [DEBUG] default - create entity
[2021-05-14T00:29:58.739] [DEBUG] default - create entity
[2021-05-14T00:29:58.740] [DEBUG] default - create entity
[2021-05-14T00:29:58.741] [DEBUG] default - create entity
[2021-05-14T00:29:58.743] [DEBUG] default - create entity
[2021-05-14T00:29:58.745] [DEBUG] default - create entity
[2021-05-14T00:29:58.746] [DEBUG] default - create entity
[2021-05-14T00:29:58.749] [DEBUG] default - create entity
[2021-05-14T08:09:21.197] [DEBUG] default - create entity
[2021-05-14T08:09:21.209] [DEBUG] default - create entity
[2021-05-14T08:09:21.210] [DEBUG] default - create entity
[2021-05-14T08:09:21.210] [DEBUG] default - create entity
[2021-05-14T08:09:21.211] [DEBUG] default - create entity
[2021-05-14T08:09:21.211] [DEBUG] default - create entity
[2021-05-14T08:09:21.212] [DEBUG] default - create entity
[2021-05-14T08:09:21.213] [DEBUG] default - create entity
[2021-05-14T08:09:21.213] [DEBUG] default - create entity
[2021-05-14T08:09:21.214] [DEBUG] default - create entity
[2021-05-14T08:09:41.185] [DEBUG] default - truncate db
[2021-05-14T08:10:01.196] [DEBUG] default - create entity
[2021-05-14T08:10:01.197] [DEBUG] default - create entity
[2021-05-14T08:10:01.197] [DEBUG] default - create entity
[2021-05-14T08:10:01.198] [DEBUG] default - create entity
[2021-05-14T08:10:01.198] [DEBUG] default - create entity
[2021-05-14T08:10:01.198] [DEBUG] default - create entity
[2021-05-14T08:10:01.199] [DEBUG] default - create entity
[2021-05-14T08:10:01.199] [DEBUG] default - create entity
[2021-05-14T08:10:01.199] [DEBUG] default - create entity
[2021-05-14T08:10:01.200] [DEBUG] default - create entity
[2021-05-14T08:10:21.205] [DEBUG] default - truncate db
[2021-05-14T08:10:41.212] [DEBUG] default - create entity
[2021-05-14T08:10:41.213] [DEBUG] default - create entity
[2021-05-14T08:10:41.213] [DEBUG] default - create entity
[2021-05-14T08:10:41.214] [DEBUG] default - create entity
[2021-05-14T08:10:41.214] [DEBUG] default - create entity
[2021-05-14T08:10:41.214] [DEBUG] default - create entity
[2021-05-14T08:10:41.214] [DEBUG] default - create entity
[2021-05-14T08:10:41.215] [DEBUG] default - create entity
[2021-05-14T08:10:41.215] [DEBUG] default - create entity
[2021-05-14T08:10:41.216] [DEBUG] default - create entity
[2021-05-14T08:11:01.222] [DEBUG] default - truncate db
[2021-05-14T08:11:21.228] [DEBUG] default - create entity
[2021-05-14T08:11:21.229] [DEBUG] default - create entity
[2021-05-14T08:11:21.230] [DEBUG] default - create entity
[2021-05-14T08:11:21.230] [DEBUG] default - create entity
[2021-05-14T08:11:21.231] [DEBUG] default - create entity
[2021-05-14T08:11:21.232] [DEBUG] default - create entity
[2021-05-14T08:11:21.233] [DEBUG] default - create entity
[2021-05-14T08:11:21.233] [DEBUG] default - create entity
[2021-05-14T08:11:21.234] [DEBUG] default - create entity
[2021-05-14T08:11:21.234] [DEBUG] default - create entity
[2021-05-14T08:11:41.230] [DEBUG] default - truncate db
[2021-05-14T08:12:01.239] [DEBUG] default - create entity
[2021-05-14T08:12:01.239] [DEBUG] default - create entity
[2021-05-14T08:12:01.240] [DEBUG] default - create entity
[2021-05-14T08:12:01.240] [DEBUG] default - create entity
[2021-05-14T08:12:01.241] [DEBUG] default - create entity
[2021-05-14T08:12:01.242] [DEBUG] default - create entity
[2021-05-14T08:12:01.242] [DEBUG] default - create entity
[2021-05-14T08:12:01.243] [DEBUG] default - create entity
[2021-05-14T08:12:01.243] [DEBUG] default - create entity
[2021-05-14T08:12:01.244] [DEBUG] default - create entity
[2021-05-14T08:12:21.251] [DEBUG] default - truncate db
[2021-05-14T08:12:41.332] [DEBUG] default - create entity
[2021-05-14T08:12:41.332] [DEBUG] default - create entity
[2021-05-14T08:12:41.333] [DEBUG] default - create entity
[2021-05-14T08:12:41.333] [DEBUG] default - create entity
[2021-05-14T08:12:41.333] [DEBUG] default - create entity
[2021-05-14T08:12:41.334] [DEBUG] default - create entity
[2021-05-14T08:12:41.334] [DEBUG] default - create entity
[2021-05-14T08:12:41.334] [DEBUG] default - create entity
[2021-05-14T08:12:41.334] [DEBUG] default - create entity
[2021-05-14T08:12:41.335] [DEBUG] default - create entity
[2021-05-14T08:12:46.059] [DEBUG] default - Add
[2021-05-14T08:12:55.961] [DEBUG] default - Add
[2021-05-14T08:13:01.343] [DEBUG] default - truncate db
[2021-05-14T08:13:05.958] [DEBUG] default - Add
[2021-05-14T08:13:15.970] [DEBUG] default - Add
[2021-05-14T08:13:21.345] [DEBUG] default - create entity
[2021-05-14T08:13:21.345] [DEBUG] default - create entity
[2021-05-14T08:13:21.346] [DEBUG] default - create entity
[2021-05-14T08:13:21.346] [DEBUG] default - create entity
[2021-05-14T08:13:21.346] [DEBUG] default - create entity
[2021-05-14T08:13:21.346] [DEBUG] default - create entity
[2021-05-14T08:13:21.347] [DEBUG] default - create entity
[2021-05-14T08:13:21.347] [DEBUG] default - create entity
[2021-05-14T08:13:21.347] [DEBUG] default - create entity
[2021-05-14T08:13:21.347] [DEBUG] default - create entity
[2021-05-14T08:13:25.979] [DEBUG] default - Add
[2021-05-14T08:13:35.981] [DEBUG] default - Add
[2021-05-14T08:13:41.348] [DEBUG] default - truncate db
[2021-05-14T08:13:45.987] [DEBUG] default - Add
[2021-05-14T08:13:55.997] [DEBUG] default - Add
[2021-05-14T08:14:01.357] [DEBUG] default - create entity
[2021-05-14T08:14:01.358] [DEBUG] default - create entity
[2021-05-14T08:14:01.358] [DEBUG] default - create entity
[2021-05-14T08:14:01.359] [DEBUG] default - create entity
[2021-05-14T08:14:01.359] [DEBUG] default - create entity
[2021-05-14T08:14:01.360] [DEBUG] default - create entity
[2021-05-14T08:14:01.360] [DEBUG] default - create entity
[2021-05-14T08:14:01.360] [DEBUG] default - create entity
[2021-05-14T08:14:01.360] [DEBUG] default - create entity
[2021-05-14T08:14:01.361] [DEBUG] default - create entity
[2021-05-14T08:14:06.016] [DEBUG] default - Add
[2021-05-14T08:14:16.018] [DEBUG] default - Add
[2021-05-14T08:14:21.374] [DEBUG] default - truncate db
[2021-05-14T08:14:26.030] [DEBUG] default - Add
[2021-05-14T08:14:36.031] [DEBUG] default - Add
[2021-05-14T08:14:41.378] [DEBUG] default - create entity
[2021-05-14T08:14:41.379] [DEBUG] default - create entity
[2021-05-14T08:14:41.379] [DEBUG] default - create entity
[2021-05-14T08:14:41.379] [DEBUG] default - create entity
[2021-05-14T08:14:41.379] [DEBUG] default - create entity
[2021-05-14T08:14:41.380] [DEBUG] default - create entity
[2021-05-14T08:14:41.380] [DEBUG] default - create entity
[2021-05-14T08:14:41.380] [DEBUG] default - create entity
[2021-05-14T08:14:41.380] [DEBUG] default - create entity
[2021-05-14T08:14:41.380] [DEBUG] default - create entity
[2021-05-14T08:14:46.041] [DEBUG] default - Add
[2021-05-14T08:14:56.044] [DEBUG] default - Add
[2021-05-14T08:15:01.379] [DEBUG] default - truncate db
[2021-05-14T08:15:06.046] [DEBUG] default - Add
[2021-05-14T08:15:16.052] [DEBUG] default - Add
[2021-05-14T08:15:21.388] [DEBUG] default - create entity
[2021-05-14T08:15:21.388] [DEBUG] default - create entity
[2021-05-14T08:15:21.388] [DEBUG] default - create entity
[2021-05-14T08:15:21.389] [DEBUG] default - create entity
[2021-05-14T08:15:21.389] [DEBUG] default - create entity
[2021-05-14T08:15:21.389] [DEBUG] default - create entity
[2021-05-14T08:15:21.389] [DEBUG] default - create entity
[2021-05-14T08:15:21.389] [DEBUG] default - create entity
[2021-05-14T08:15:21.389] [DEBUG] default - create entity
[2021-05-14T08:15:21.389] [DEBUG] default - create entity
[2021-05-14T08:15:26.057] [DEBUG] default - Add
[2021-05-14T08:15:36.056] [DEBUG] default - Add
[2021-05-14T08:15:41.417] [DEBUG] default - truncate db
[2021-05-14T08:15:46.063] [DEBUG] default - Add
[2021-05-14T08:15:56.074] [DEBUG] default - Add
[2021-05-14T08:16:01.405] [DEBUG] default - create entity
[2021-05-14T08:16:01.405] [DEBUG] default - create entity
[2021-05-14T08:16:01.405] [DEBUG] default - create entity
[2021-05-14T08:16:01.405] [DEBUG] default - create entity
[2021-05-14T08:16:01.405] [DEBUG] default - create entity
[2021-05-14T08:16:01.405] [DEBUG] default - create entity
[2021-05-14T08:16:01.406] [DEBUG] default - create entity
[2021-05-14T08:16:01.406] [DEBUG] default - create entity
[2021-05-14T08:16:01.406] [DEBUG] default - create entity
[2021-05-14T08:16:01.406] [DEBUG] default - create entity
[2021-05-14T08:16:06.077] [DEBUG] default - Add
[2021-05-14T08:16:16.094] [DEBUG] default - Add
[2021-05-14T08:16:21.409] [DEBUG] default - truncate db
[2021-05-14T08:16:26.086] [DEBUG] default - Add
[2021-05-14T08:16:36.090] [DEBUG] default - Add
